<?xml version="1.0" encoding="UTF-8"?>
<testsuite name="MovemetTest" tests="1" skipped="0" failures="0" errors="0" timestamp="2020-06-20T20:34:13" hostname="LAPTOP-AH3620KH" time="0.002">
  <properties/>
  <testcase name="testMovement()" classname="MovemetTest" time="0.002"/>
  <system-out><![CDATA[]]></system-out>
  <system-err><![CDATA[]]></system-err>
</testsuite>
