<?xml version="1.0" encoding="UTF-8"?>
<testsuite name="TransactionTest" tests="1" skipped="0" failures="0" errors="0" timestamp="2020-06-20T20:34:13" hostname="LAPTOP-AH3620KH" time="0.001">
  <properties/>
  <testcase name="testTransaction()" classname="TransactionTest" time="0.001"/>
  <system-out><![CDATA[]]></system-out>
  <system-err><![CDATA[]]></system-err>
</testsuite>
